<?xml version="1.0" encoding="UTF-8"?>
<!-- Generated by org.testng.reporters.JUnitXMLReporter -->
<testsuite ignored="0" hostname="Shahryar" failures="0" tests="3" name="Default test" time="43.02" errors="0" timestamp="2025-11-10T11:23:45 EST">
  <testcase classname="tests.LoginTest" name="testValidLogin" time="1.015"/>
  <testcase classname="tests.LoginTest" name="testValidLogin" time="1.678"/>
  <testcase classname="tests.LoginTest" name="testValidLogin" time="1.294"/>
</testsuite> <!-- Default test -->
