<?xml version="1.0" encoding="UTF-8"?>
<testng-results ignored="0" total="1" passed="1" failed="0" skipped="0">
  <reporter-output>
  </reporter-output>
  <suite started-at="2025-11-04T17:13:36 EST" name="Default suite" finished-at="2025-11-04T17:13:53 EST" duration-ms="17030">
    <groups>
    </groups>
    <test started-at="2025-11-04T17:13:36 EST" name="Default test" finished-at="2025-11-04T17:13:53 EST" duration-ms="17030">
      <class name="tests.LoginTest">
        <test-method is-config="true" signature="setUp()[pri:0, instance:tests.LoginTest@f6efaab]" started-at="2025-11-04T17:13:36 EST" name="setUp" finished-at="2025-11-04T17:13:47 EST" duration-ms="10845" status="PASS">
          <reporter-output>
          </reporter-output>
        </test-method> <!-- setUp -->
        <test-method signature="testValidLogin()[pri:0, instance:tests.LoginTest@f6efaab]" started-at="2025-11-04T17:13:47 EST" name="testValidLogin" finished-at="2025-11-04T17:13:50 EST" duration-ms="3249" status="PASS">
          <reporter-output>
          </reporter-output>
        </test-method> <!-- testValidLogin -->
        <test-method is-config="true" signature="tearDown()[pri:0, instance:tests.LoginTest@f6efaab]" started-at="2025-11-04T17:13:50 EST" name="tearDown" finished-at="2025-11-04T17:13:53 EST" duration-ms="2795" status="PASS">
          <reporter-output>
          </reporter-output>
        </test-method> <!-- tearDown -->
      </class> <!-- tests.LoginTest -->
    </test> <!-- Default test -->
  </suite> <!-- Default suite -->
</testng-results>
