<?xml version="1.0" encoding="UTF-8"?>
<testng-results ignored="0" total="1" passed="1" failed="0" skipped="0">
  <reporter-output>
  </reporter-output>
  <suite started-at="2025-11-05T15:21:59 EST" name="Default suite" finished-at="2025-11-05T15:22:18 EST" duration-ms="19389">
    <groups>
    </groups>
    <test started-at="2025-11-05T15:21:59 EST" name="Default test" finished-at="2025-11-05T15:22:18 EST" duration-ms="19389">
      <class name="tests.LoginTest">
        <test-method is-config="true" signature="setupReport()[pri:0, instance:tests.LoginTest@557caf28]" started-at="2025-11-05T15:21:58 EST" name="setupReport" finished-at="2025-11-05T15:21:59 EST" duration-ms="705" status="PASS">
          <reporter-output>
          </reporter-output>
        </test-method> <!-- setupReport -->
        <test-method is-config="true" signature="setUp()[pri:0, instance:tests.LoginTest@557caf28]" started-at="2025-11-05T15:21:59 EST" name="setUp" finished-at="2025-11-05T15:22:11 EST" duration-ms="12304" status="PASS">
          <reporter-output>
          </reporter-output>
        </test-method> <!-- setUp -->
        <test-method signature="testValidLogin()[pri:0, instance:tests.LoginTest@557caf28]" started-at="2025-11-05T15:22:11 EST" name="testValidLogin" finished-at="2025-11-05T15:22:16 EST" duration-ms="4742" status="PASS">
          <reporter-output>
          </reporter-output>
        </test-method> <!-- testValidLogin -->
        <test-method is-config="true" signature="tearDown()[pri:0, instance:tests.LoginTest@557caf28]" started-at="2025-11-05T15:22:16 EST" name="tearDown" finished-at="2025-11-05T15:22:18 EST" duration-ms="2230" status="PASS">
          <reporter-output>
          </reporter-output>
        </test-method> <!-- tearDown -->
        <test-method is-config="true" signature="teardownReport()[pri:0, instance:tests.LoginTest@557caf28]" started-at="2025-11-05T15:22:18 EST" name="teardownReport" finished-at="2025-11-05T15:22:19 EST" duration-ms="926" status="PASS">
          <reporter-output>
          </reporter-output>
        </test-method> <!-- teardownReport -->
      </class> <!-- tests.LoginTest -->
    </test> <!-- Default test -->
  </suite> <!-- Default suite -->
</testng-results>
