<?xml version="1.0" encoding="UTF-8"?>
<!-- Generated by org.testng.reporters.JUnitReportReporter -->
<testsuite hostname="Shahryar" failures="0" tests="3" name="tests.LoginTest" time="40.713" errors="0" timestamp="2025-11-10T11:23:46 EST" skipped="0">
  <testcase classname="tests.LoginTest" name="testValidLogin" time="15.722"/>
  <testcase classname="tests.LoginTest" name="testValidLogin" time="12.113"/>
  <testcase classname="tests.LoginTest" name="testValidLogin" time="12.878"/>
</testsuite> <!-- tests.LoginTest -->
